2024-11-18 22:56:57,987 - SmartDatasetAnalyzer - INFO - Starting dataset analysis...
2024-11-18 22:56:57,987 - SmartDatasetAnalyzer - INFO - Starting dataset analysis...
2024-11-18 22:56:57,998 - SmartDatasetAnalyzer - INFO - Loaded relationships from cache
2024-11-18 22:56:57,998 - SmartDatasetAnalyzer - INFO - Loaded relationships from cache
2024-11-18 22:56:57,998 - SmartDatasetAnalyzer - INFO - Starting dataset merging...
2024-11-18 22:56:57,998 - SmartDatasetAnalyzer - INFO - Starting dataset merging...
2024-11-18 22:56:58,019 - SmartDatasetAnalyzer - INFO - Created merged dataset 1 from tables: employee_projects, employees, departments, datasets
2024-11-18 22:56:58,019 - SmartDatasetAnalyzer - INFO - Created merged dataset 1 from tables: employee_projects, employees, departments, datasets
2024-11-18 22:56:58,023 - SmartDatasetAnalyzer - INFO - Saved merged_dataset_1 to analysis_results\merged_dataset_1_20241118_225658.csv
2024-11-18 22:56:58,023 - SmartDatasetAnalyzer - INFO - Saved merged_dataset_1 to analysis_results\merged_dataset_1_20241118_225658.csv
2024-11-18 22:56:58,026 - SmartDatasetAnalyzer - INFO - Generated analysis report
2024-11-18 22:56:58,026 - SmartDatasetAnalyzer - INFO - Generated analysis report
2024-11-18 23:01:00,258 - SmartDatasetAnalyzer - INFO - Starting dataset analysis...
2024-11-18 23:01:00,258 - SmartDatasetAnalyzer - INFO - Starting dataset analysis...
2024-11-18 23:01:00,260 - SmartDatasetAnalyzer - INFO - Loaded relationships from cache
2024-11-18 23:01:00,260 - SmartDatasetAnalyzer - INFO - Loaded relationships from cache
2024-11-18 23:01:00,262 - SmartDatasetAnalyzer - INFO - Starting dataset merging...
2024-11-18 23:01:00,262 - SmartDatasetAnalyzer - INFO - Starting dataset merging...
2024-11-18 23:01:00,284 - SmartDatasetAnalyzer - INFO - Created merged dataset 1 from tables: employees, datasets, departments, employee_projects
2024-11-18 23:01:00,284 - SmartDatasetAnalyzer - INFO - Created merged dataset 1 from tables: employees, datasets, departments, employee_projects
2024-11-18 23:01:00,290 - SmartDatasetAnalyzer - INFO - Saved merged_dataset_1 to analysis_results\merged_dataset_1_20241118_230100.csv
2024-11-18 23:01:00,290 - SmartDatasetAnalyzer - INFO - Saved merged_dataset_1 to analysis_results\merged_dataset_1_20241118_230100.csv
2024-11-18 23:01:00,293 - SmartDatasetAnalyzer - INFO - Generated analysis report
2024-11-18 23:01:00,293 - SmartDatasetAnalyzer - INFO - Generated analysis report
2024-11-19 12:15:48,458 - SmartDatasetAnalyzer - INFO - Starting dataset analysis...
2024-11-19 12:15:48,458 - SmartDatasetAnalyzer - INFO - Starting dataset analysis...
2024-11-19 12:15:48,460 - SmartDatasetAnalyzer - INFO - Loaded relationships from cache
2024-11-19 12:15:48,460 - SmartDatasetAnalyzer - INFO - Loaded relationships from cache
2024-11-19 12:15:48,460 - SmartDatasetAnalyzer - INFO - Starting dataset merging...
2024-11-19 12:15:48,460 - SmartDatasetAnalyzer - INFO - Starting dataset merging...
2024-11-19 12:15:48,482 - SmartDatasetAnalyzer - INFO - Created merged dataset 1 from tables: departments, employees, employee_projects, datasets
2024-11-19 12:15:48,482 - SmartDatasetAnalyzer - INFO - Created merged dataset 1 from tables: departments, employees, employee_projects, datasets
2024-11-19 12:15:48,488 - SmartDatasetAnalyzer - INFO - Saved merged_dataset_1 to analysis_results\merged_dataset_1_20241119_121548.csv
2024-11-19 12:15:48,488 - SmartDatasetAnalyzer - INFO - Saved merged_dataset_1 to analysis_results\merged_dataset_1_20241119_121548.csv
2024-11-19 12:15:48,490 - SmartDatasetAnalyzer - INFO - Generated analysis report
2024-11-19 12:15:48,490 - SmartDatasetAnalyzer - INFO - Generated analysis report
